# JRE version: Java(TM) SE Runtime Environment (17.0.8+9) (build 17.0.8+9-LTS-211)
# Java VM: Java HotSpot(TM) 64-Bit Server VM (17.0.8+9-LTS-211, mixed mode, sharing, tiered, compressed oops, compressed class ptrs, g1 gc, windows-amd64)
GC Precious Log:
 CPUs: 20 total, 20 available
 Memory: 16085M
 Large Page Support: Disabled
 NUMA Support: Disabled
 Compressed Oops: Enabled (Zero based)
 Heap Region Size: 2M
 Heap Min Capacity: 8M
 Heap Initial Capacity: 252M
 Heap Max Capacity: 4022M
 Pre-touch: Disabled
 Parallel Workers: 15
 Concurrent Workers: 4
 Concurrent Refinement Workers: 15
 Periodic GC: Disabled
Heap:
 garbage-first heap   total 96256K, used 67788K [0x0000000704a00000, 0x0000000800000000)
  region size 2048K, 15 young (30720K), 1 survivors (2048K)
 Metaspace       used 81617K, committed 82176K, reserved 1179648K
  class space    used 10436K, committed 10688K, reserved 1048576K
GC Heap History (20 events):
Event: 5439.273 GC heap after
{Heap after GC invocations=32 (full 1):
 garbage-first heap   total 102400K, used 36801K [0x0000000704a00000, 0x0000000800000000)
  region size 2048K, 2 young (4096K), 2 survivors (4096K)
 Metaspace       used 73631K, committed 74240K, reserved 1114112K
  class space    used 9741K, committed 10048K, reserved 1048576K
}
Event: 5750.402 GC heap before
{Heap before GC invocations=32 (full 1):
 garbage-first heap   total 102400K, used 77761K [0x0000000704a00000, 0x0000000800000000)
  region size 2048K, 23 young (47104K), 2 survivors (4096K)
 Metaspace       used 73737K, committed 74304K, reserved 1114112K
  class space    used 9744K, committed 10048K, reserved 1048576K
}
Event: 5750.440 GC heap after
{Heap after GC invocations=33 (full 2):
 garbage-first heap   total 96256K, used 25762K [0x0000000704a00000, 0x0000000800000000)
  region size 2048K, 0 young (0K), 0 survivors (0K)
 Metaspace       used 73524K, committed 74304K, reserved 1114112K
  class space    used 9696K, committed 10048K, reserved 1048576K
}
Event: 5750.963 GC heap before
{Heap before GC invocations=33 (full 2):
 garbage-first heap   total 96256K, used 76962K [0x0000000704a00000, 0x0000000800000000)
  region size 2048K, 25 young (51200K), 0 survivors (0K)
 Metaspace       used 74247K, committed 74816K, reserved 1114112K
  class space    used 9741K, committed 10048K, reserved 1048576K
}
Event: 5750.965 GC heap after
{Heap after GC invocations=34 (full 2):
 garbage-first heap   total 96256K, used 31042K [0x0000000704a00000, 0x0000000800000000)
  region size 2048K, 3 young (6144K), 3 survivors (6144K)
 Metaspace       used 74247K, committed 74816K, reserved 1114112K
  class space    used 9741K, committed 10048K, reserved 1048576K
}
Event: 5751.343 GC heap before
{Heap before GC invocations=34 (full 2):
 garbage-first heap   total 96256K, used 74050K [0x0000000704a00000, 0x0000000800000000)
  region size 2048K, 24 young (49152K), 3 survivors (6144K)
 Metaspace       used 74848K, committed 75392K, reserved 1114112K
  class space    used 9773K, committed 10048K, reserved 1048576K
}
Event: 5751.359 GC heap after
{Heap after GC invocations=35 (full 2):
 garbage-first heap   total 96256K, used 33430K [0x0000000704a00000, 0x0000000800000000)
  region size 2048K, 2 young (4096K), 2 survivors (4096K)
 Metaspace       used 74848K, committed 75392K, reserved 1114112K
  class space    used 9773K, committed 10048K, reserved 1048576K
}
Event: 5751.936 GC heap before
{Heap before GC invocations=35 (full 2):
 garbage-first heap   total 96256K, used 72342K [0x0000000704a00000, 0x0000000800000000)
  region size 2048K, 21 young (43008K), 2 survivors (4096K)
 Metaspace       used 75140K, committed 75712K, reserved 1179648K
  class space    used 9783K, committed 10048K, reserved 1048576K
}
Event: 5751.940 GC heap after
{Heap after GC invocations=36 (full 2):
 garbage-first heap   total 96256K, used 35280K [0x0000000704a00000, 0x0000000800000000)
  region size 2048K, 3 young (6144K), 3 survivors (6144K)
 Metaspace       used 75140K, committed 75712K, reserved 1179648K
  class space    used 9783K, committed 10048K, reserved 1048576K
}
Event: 5772.755 GC heap before
{Heap before GC invocations=36 (full 2):
 garbage-first heap   total 96256K, used 70096K [0x0000000704a00000, 0x0000000800000000)
  region size 2048K, 21 young (43008K), 3 survivors (6144K)
 Metaspace       used 79128K, committed 79680K, reserved 1179648K
  class space    used 10280K, committed 10560K, reserved 1048576K
}
Event: 5772.758 GC heap after
{Heap after GC invocations=37 (full 2):
 garbage-first heap   total 96256K, used 39043K [0x0000000704a00000, 0x0000000800000000)
  region size 2048K, 3 young (6144K), 3 survivors (6144K)
 Metaspace       used 79128K, committed 79680K, reserved 1179648K
  class space    used 10280K, committed 10560K, reserved 1048576K
}
Event: 5910.725 GC heap before
{Heap before GC invocations=37 (full 2):
 garbage-first heap   total 96256K, used 73859K [0x0000000704a00000, 0x0000000800000000)
  region size 2048K, 20 young (40960K), 3 survivors (6144K)
 Metaspace       used 80260K, committed 80832K, reserved 1179648K
  class space    used 10403K, committed 10688K, reserved 1048576K
}
Event: 5910.730 GC heap after
{Heap after GC invocations=38 (full 2):
 garbage-first heap   total 96256K, used 40038K [0x0000000704a00000, 0x0000000800000000)
  region size 2048K, 1 young (2048K), 1 survivors (2048K)
 Metaspace       used 80260K, committed 80832K, reserved 1179648K
  class space    used 10403K, committed 10688K, reserved 1048576K
}
Event: 6005.816 GC heap before
{Heap before GC invocations=38 (full 2):
 garbage-first heap   total 96256K, used 70758K [0x0000000704a00000, 0x0000000800000000)
  region size 2048K, 17 young (34816K), 1 survivors (2048K)
 Metaspace       used 80849K, committed 81408K, reserved 1179648K
  class space    used 10424K, committed 10688K, reserved 1048576K
}
Event: 6005.820 GC heap after
{Heap after GC invocations=39 (full 2):
 garbage-first heap   total 96256K, used 39491K [0x0000000704a00000, 0x0000000800000000)
  region size 2048K, 1 young (2048K), 1 survivors (2048K)
 Metaspace       used 80849K, committed 81408K, reserved 1179648K
  class space    used 10424K, committed 10688K, reserved 1048576K
}
Event: 6166.177 GC heap before
{Heap before GC invocations=39 (full 2):
 garbage-first heap   total 96256K, used 72259K [0x0000000704a00000, 0x0000000800000000)
  region size 2048K, 18 young (36864K), 1 survivors (2048K)
 Metaspace       used 81388K, committed 81984K, reserved 1179648K
  class space    used 10434K, committed 10688K, reserved 1048576K
}
Event: 6166.183 GC heap after
{Heap after GC invocations=40 (full 2):
 garbage-first heap   total 96256K, used 39510K [0x0000000704a00000, 0x0000000800000000)
  region size 2048K, 1 young (2048K), 1 survivors (2048K)
 Metaspace       used 81388K, committed 81984K, reserved 1179648K
  class space    used 10434K, committed 10688K, reserved 1048576K
}
Event: 6385.228 GC heap before
{Heap before GC invocations=40 (full 2):
 garbage-first heap   total 96256K, used 74326K [0x0000000704a00000, 0x0000000800000000)
  region size 2048K, 18 young (36864K), 1 survivors (2048K)
 Metaspace       used 81533K, committed 82112K, reserved 1179648K
  class space    used 10435K, committed 10688K, reserved 1048576K
}
Event: 6385.232 GC heap after
{Heap after GC invocations=41 (full 2):
 garbage-first heap   total 96256K, used 39471K [0x0000000704a00000, 0x0000000800000000)
  region size 2048K, 1 young (2048K), 1 survivors (2048K)
 Metaspace       used 81533K, committed 82112K, reserved 1179648K
  class space    used 10435K, committed 10688K, reserved 1048576K
}
Event: 6561.090 GC heap before
{Heap before GC invocations=41 (full 2):
 garbage-first heap   total 96256K, used 64047K [0x0000000704a00000, 0x0000000800000000)
  region size 2048K, 15 young (30720K), 1 survivors (2048K)
 Metaspace       used 81617K, committed 82176K, reserved 1179648K
  class space    used 10436K, committed 10688K, reserved 1048576K
}

